# JRE version: Java(TM) SE Runtime Environment (8.0_31-b13) (build 1.8.0_31-b13)
# Java VM: Java HotSpot(TM) 64-Bit Server VM (25.31-b07 mixed mode windows-amd64 compressed oops)
Heap:
 PSYoungGen      total 39936K, used 9593K [0x00000000d5d80000, 0x00000000d8700000, 0x0000000100000000)
  eden space 38400K, 22% used [0x00000000d5d80000,0x00000000d65de668,0x00000000d8300000)
  from space 1536K, 66% used [0x00000000d8580000,0x00000000d867ff58,0x00000000d8700000)
  to   space 2048K, 0% used [0x00000000d8300000,0x00000000d8300000,0x00000000d8500000)
 ParOldGen       total 119296K, used 70800K [0x0000000081800000, 0x0000000088c80000, 0x00000000d5d80000)
  object space 119296K, 59% used [0x0000000081800000,0x0000000085d24310,0x0000000088c80000)
 Metaspace       used 24301K, capacity 24510K, committed 24960K, reserved 1071104K
  class space    used 3154K, capacity 3192K, committed 3200K, reserved 1048576K
GC Heap History (10 events):
Event: 20084.555 GC heap before
{Heap before GC invocations=154 (full 2):
 PSYoungGen      total 43008K, used 41440K [0x00000000d5d80000, 0x00000000d8a80000, 0x0000000100000000)
  eden space 40960K, 100% used [0x00000000d5d80000,0x00000000d8580000,0x00000000d8580000)
  from space 2048K, 23% used [0x00000000d8600000,0x00000000d8678000,0x00000000d8800000)
  to   space 2560K, 0% used [0x00000000d8800000,0x00000000d8800000,0x00000000d8a80000)
 ParOldGen       total 119296K, used 70672K [0x0000000081800000, 0x0000000088c80000, 0x00000000d5d80000)
  object space 119296K, 59% used [0x0000000081800000,0x0000000085d04310,0x0000000088c80000)
 Metaspace       used 24294K, capacity 24504K, committed 24960K, reserved 1071104K
  class space    used 3154K, capacity 3191K, committed 3200K, reserved 1048576K
Event: 20084.557 GC heap after
Heap after GC invocations=154 (full 2):
 PSYoungGen      total 42496K, used 384K [0x00000000d5d80000, 0x00000000d8a00000, 0x0000000100000000)
  eden space 40448K, 0% used [0x00000000d5d80000,0x00000000d5d80000,0x00000000d8500000)
  from space 2048K, 18% used [0x00000000d8800000,0x00000000d8860000,0x00000000d8a00000)
  to   space 2560K, 0% used [0x00000000d8500000,0x00000000d8500000,0x00000000d8780000)
 ParOldGen       total 119296K, used 70752K [0x0000000081800000, 0x0000000088c80000, 0x00000000d5d80000)
  object space 119296K, 59% used [0x0000000081800000,0x0000000085d18310,0x0000000088c80000)
 Metaspace       used 24294K, capacity 24504K, committed 24960K, reserved 1071104K
  class space    used 3154K, capacity 3191K, committed 3200K, reserved 1048576K
}
Event: 26579.702 GC heap before
{Heap before GC invocations=155 (full 2):
 PSYoungGen      total 42496K, used 40832K [0x00000000d5d80000, 0x00000000d8a00000, 0x0000000100000000)
  eden space 40448K, 100% used [0x00000000d5d80000,0x00000000d8500000,0x00000000d8500000)
  from space 2048K, 18% used [0x00000000d8800000,0x00000000d8860000,0x00000000d8a00000)
  to   space 2560K, 0% used [0x00000000d8500000,0x00000000d8500000,0x00000000d8780000)
 ParOldGen       total 119296K, used 70752K [0x0000000081800000, 0x0000000088c80000, 0x00000000d5d80000)
  object space 119296K, 59% used [0x0000000081800000,0x0000000085d18310,0x0000000088c80000)
 Metaspace       used 24298K, capacity 24510K, committed 24960K, reserved 1071104K
  class space    used 3154K, capacity 3192K, committed 3200K, reserved 1048576K
Event: 26579.734 GC heap after
Heap after GC invocations=155 (full 2):
 PSYoungGen      total 40448K, used 288K [0x00000000d5d80000, 0x00000000d8980000, 0x0000000100000000)
  eden space 39936K, 0% used [0x00000000d5d80000,0x00000000d5d80000,0x00000000d8480000)
  from space 512K, 56% used [0x00000000d8500000,0x00000000d8548000,0x00000000d8580000)
  to   space 2560K, 0% used [0x00000000d8700000,0x00000000d8700000,0x00000000d8980000)
 ParOldGen       total 119296K, used 70760K [0x0000000081800000, 0x0000000088c80000, 0x00000000d5d80000)
  object space 119296K, 59% used [0x0000000081800000,0x0000000085d1a310,0x0000000088c80000)
 Metaspace       used 24298K, capacity 24510K, committed 24960K, reserved 1071104K
  class space    used 3154K, capacity 3192K, committed 3200K, reserved 1048576K
}
Event: 28205.791 GC heap before
{Heap before GC invocations=156 (full 2):
 PSYoungGen      total 40448K, used 40224K [0x00000000d5d80000, 0x00000000d8980000, 0x0000000100000000)
  eden space 39936K, 100% used [0x00000000d5d80000,0x00000000d8480000,0x00000000d8480000)
  from space 512K, 56% used [0x00000000d8500000,0x00000000d8548000,0x00000000d8580000)
  to   space 2560K, 0% used [0x00000000d8700000,0x00000000d8700000,0x00000000d8980000)
 ParOldGen       total 119296K, used 70760K [0x0000000081800000, 0x0000000088c80000, 0x00000000d5d80000)
  object space 119296K, 59% used [0x0000000081800000,0x0000000085d1a310,0x0000000088c80000)
 Metaspace       used 24298K, capacity 24510K, committed 24960K, reserved 1071104K
  class space    used 3154K, capacity 3192K, committed 3200K, reserved 1048576K
Event: 28205.794 GC heap after
Heap after GC invocations=156 (full 2):
 PSYoungGen      total 41472K, used 448K [0x00000000d5d80000, 0x00000000d8900000, 0x0000000100000000)
  eden space 39424K, 0% used [0x00000000d5d80000,0x00000000d5d80000,0x00000000d8400000)
  from space 2048K, 21% used [0x00000000d8700000,0x00000000d8770000,0x00000000d8900000)
  to   space 2560K, 0% used [0x00000000d8400000,0x00000000d8400000,0x00000000d8680000)
 ParOldGen       total 119296K, used 70776K [0x0000000081800000, 0x0000000088c80000, 0x00000000d5d80000)
  object space 119296K, 59% used [0x0000000081800000,0x0000000085d1e310,0x0000000088c80000)
 Metaspace       used 24298K, capacity 24510K, committed 24960K, reserved 1071104K
  class space    used 3154K, capacity 3192K, committed 3200K, reserved 1048576K
}
Event: 58065.611 GC heap before
{Heap before GC invocations=157 (full 2):
 PSYoungGen      total 41472K, used 39872K [0x00000000d5d80000, 0x00000000d8900000, 0x0000000100000000)
  eden space 39424K, 100% used [0x00000000d5d80000,0x00000000d8400000,0x00000000d8400000)
  from space 2048K, 21% used [0x00000000d8700000,0x00000000d8770000,0x00000000d8900000)
  to   space 2560K, 0% used [0x00000000d8400000,0x00000000d8400000,0x00000000d8680000)
 ParOldGen       total 119296K, used 70776K [0x0000000081800000, 0x0000000088c80000, 0x00000000d5d80000)
  object space 119296K, 59% used [0x0000000081800000,0x0000000085d1e310,0x0000000088c80000)
 Metaspace       used 24300K, capacity 24510K, committed 24960K, reserved 1071104K
  class space    used 3154K, capacity 3192K, committed 3200K, reserved 1048576K
Event: 58065.613 GC heap after
Heap after GC invocations=157 (full 2):
 PSYoungGen      total 39424K, used 416K [0x00000000d5d80000, 0x00000000d8780000, 0x0000000100000000)
  eden space 38912K, 0% used [0x00000000d5d80000,0x00000000d5d80000,0x00000000d8380000)
  from space 512K, 81% used [0x00000000d8400000,0x00000000d8468000,0x00000000d8480000)
  to   space 2048K, 0% used [0x00000000d8580000,0x00000000d8580000,0x00000000d8780000)
 ParOldGen       total 119296K, used 70776K [0x0000000081800000, 0x0000000088c80000, 0x00000000d5d80000)
  object space 119296K, 59% used [0x0000000081800000,0x0000000085d1e310,0x0000000088c80000)
 Metaspace       used 24300K, capacity 24510K, committed 24960K, reserved 1071104K
  class space    used 3154K, capacity 3192K, committed 3200K, reserved 1048576K
}
Event: 66677.299 GC heap before
{Heap before GC invocations=158 (full 2):
 PSYoungGen      total 39424K, used 38836K [0x00000000d5d80000, 0x00000000d8780000, 0x0000000100000000)
  eden space 38912K, 98% used [0x00000000d5d80000,0x00000000d83051e8,0x00000000d8380000)
  from space 512K, 81% used [0x00000000d8400000,0x00000000d8468000,0x00000000d8480000)
  to   space 2048K, 0% used [0x00000000d8580000,0x00000000d8580000,0x00000000d8780000)
 ParOldGen       total 119296K, used 70776K [0x0000000081800000, 0x0000000088c80000, 0x00000000d5d80000)
  object space 119296K, 59% used [0x0000000081800000,0x0000000085d1e310,0x0000000088c80000)
 Metaspace       used 24300K, capacity 24510K, committed 24960K, reserved 1071104K
  class space    used 3154K, capacity 3192K, committed 3200K, reserved 1048576K
Event: 66677.301 GC heap after
Heap after GC invocations=158 (full 2):
 PSYoungGen      total 39936K, used 1023K [0x00000000d5d80000, 0x00000000d8700000, 0x0000000100000000)
  eden space 38400K, 0% used [0x00000000d5d80000,0x00000000d5d80000,0x00000000d8300000)
  from space 1536K, 66% used [0x00000000d8580000,0x00000000d867ff58,0x00000000d8700000)
  to   space 2048K, 0% used [0x00000000d8300000,0x00000000d8300000,0x00000000d8500000)
 ParOldGen       total 119296K, used 70800K [0x0000000081800000, 0x0000000088c80000, 0x00000000d5d80000)
  object space 119296K, 59% used [0x0000000081800000,0x0000000085d24310,0x0000000088c80000)
 Metaspace       used 24300K, capacity 24510K, committed 24960K, reserved 1071104K
  class space    used 3154K, capacity 3192K, committed 3200K, reserved 1048576K
}

